<?xml version="1.0" encoding="UTF-8"?>
<!-- Generated by org.testng.reporters.JUnitXMLReporter -->
<testsuite ignored="0" hostname="DESKTOP-L4NSR6G" failures="0" tests="3" name="Default test" time="54.736" errors="0" timestamp="2025-08-31T12:08:27 IST">
  <testcase classname="TestPackage.Login" name="testLogin" time="24.57"/>
  <testcase classname="TestPackage.Login" name="testLogin" time="10.823"/>
  <testcase classname="TestPackage.Login" name="testLogin" time="13.635"/>
</testsuite> <!-- Default test -->
