<?xml version="1.0" encoding="UTF-8"?>
<!-- Generated by org.testng.reporters.JUnitXMLReporter -->
<testsuite ignored="0" hostname="DESKTOP-L4NSR6G" failures="0" tests="3" name="Test" time="49.208" errors="0" timestamp="2025-08-31T12:29:04 IST">
  <testcase classname="TestPackage.LoginTest" name="testLogin" time="22.425"/>
  <testcase classname="TestPackage.LoginTest" name="testLogin" time="10.426"/>
  <testcase classname="TestPackage.LoginTest" name="testLogin" time="11.548"/>
</testsuite> <!-- Test -->
