<?xml version="1.0" encoding="UTF-8"?>
<testng-results ignored="0" total="3" passed="3" failed="0" skipped="0">
  <reporter-output>
  </reporter-output>
  <suite started-at="2025-08-31T12:28:14 IST" name="Suite" finished-at="2025-08-31T12:29:03 IST" duration-ms="49208">
    <groups>
    </groups>
    <test started-at="2025-08-31T12:28:14 IST" name="Test" finished-at="2025-08-31T12:29:03 IST" duration-ms="49208">
      <class name="TestPackage.LoginTest">
        <test-method signature="testLogin(java.util.HashMap)[pri:0, instance:TestPackage.LoginTest@e25951c]" started-at="2025-08-31T12:28:16 IST" name="testLogin" data-provider="DataSupplier" finished-at="2025-08-31T12:28:38 IST" duration-ms="22425" status="PASS">
          <params>
            <param index="0">
              <value>
                <![CDATA[{Runmode=Y, ExpectedResult=Failure, Username=amotooricap9@gmail.com, Browser=Chrome, Password=1.23456789E9}]]>
              </value>
            </param>
          </params>
          <reporter-output>
          </reporter-output>
        </test-method> <!-- testLogin -->
        <test-method is-config="true" signature="tearDown()[pri:0, instance:TestPackage.LoginTest@e25951c]" started-at="2025-08-31T12:28:38 IST" name="tearDown" finished-at="2025-08-31T12:28:39 IST" duration-ms="1080" status="PASS">
          <reporter-output>
          </reporter-output>
        </test-method> <!-- tearDown -->
        <test-method signature="testLogin(java.util.HashMap)[pri:0, instance:TestPackage.LoginTest@e25951c]" started-at="2025-08-31T12:28:39 IST" name="testLogin" data-provider="DataSupplier" finished-at="2025-08-31T12:28:50 IST" duration-ms="10426" status="PASS">
          <params>
            <param index="0">
              <value>
                <![CDATA[{Runmode=Y, ExpectedResult=Success, Username=amotooricap3@gmail.com, Browser=Chrome, Password=12345}]]>
              </value>
            </param>
          </params>
          <reporter-output>
          </reporter-output>
        </test-method> <!-- testLogin -->
        <test-method is-config="true" signature="tearDown()[pri:0, instance:TestPackage.LoginTest@e25951c]" started-at="2025-08-31T12:28:50 IST" name="tearDown" finished-at="2025-08-31T12:28:51 IST" duration-ms="939" status="PASS">
          <reporter-output>
          </reporter-output>
        </test-method> <!-- tearDown -->
        <test-method signature="testLogin(java.util.HashMap)[pri:0, instance:TestPackage.LoginTest@e25951c]" started-at="2025-08-31T12:28:51 IST" name="testLogin" data-provider="DataSupplier" finished-at="2025-08-31T12:29:02 IST" duration-ms="11548" status="PASS">
          <params>
            <param index="0">
              <value>
                <![CDATA[{Runmode=Y, ExpectedResult=Success, Username=rk9487514@gmail.com, Browser=Edge, Password=Administrator123@sfs}]]>
              </value>
            </param>
          </params>
          <reporter-output>
          </reporter-output>
        </test-method> <!-- testLogin -->
        <test-method is-config="true" signature="tearDown()[pri:0, instance:TestPackage.LoginTest@e25951c]" started-at="2025-08-31T12:29:02 IST" name="tearDown" finished-at="2025-08-31T12:29:03 IST" duration-ms="905" status="PASS">
          <reporter-output>
          </reporter-output>
        </test-method> <!-- tearDown -->
      </class> <!-- TestPackage.LoginTest -->
    </test> <!-- Test -->
  </suite> <!-- Suite -->
</testng-results>
